# JRE version: OpenJDK Runtime Environment (8.0_65-b17) (build 1.8.0_65-b17)
# Java VM: OpenJDK Server VM (25.65-b01 mixed mode linux-x86 )
Heap:
 PSYoungGen      total 13312K, used 300K [0x918c0000, 0x93880000, 0xa6e00000)
  eden space 13056K, 0% used [0x918c0000,0x918d30f8,0x92580000)
  from space 256K, 87% used [0x925c0000,0x925f8080,0x92600000)
  to   space 9728K, 0% used [0x92f00000,0x92f00000,0x93880000)
 ParOldGen       total 44032K, used 28316K [0x66e00000, 0x69900000, 0x918c0000)
  object space 44032K, 64% used [0x66e00000,0x689a7280,0x69900000)
 Metaspace       used 26311K, capacity 26574K, committed 26752K, reserved 26928K
GC Heap History (10 events):
Event: 100.019 GC heap before
{Heap before GC invocations=15 (full 2):
 PSYoungGen      total 23296K, used 13764K [0x918c0000, 0x93880000, 0xa6e00000)
  eden space 14592K, 94% used [0x918c0000,0x926310c0,0x92700000)
  from space 8704K, 0% used [0x92fc0000,0x92fc0000,0x93840000)
  to   space 8960K, 0% used [0x92700000,0x92700000,0x92fc0000)
 ParOldGen       total 44032K, used 22763K [0x66e00000, 0x69900000, 0x918c0000)
  object space 44032K, 51% used [0x66e00000,0x6843aca8,0x69900000)
 Metaspace       used 26224K, capacity 26508K, committed 26624K, reserved 26928K
Event: 100.021 GC heap after
Heap after GC invocations=15 (full 2):
 PSYoungGen      total 17664K, used 3196K [0x918c0000, 0x93840000, 0xa6e00000)
  eden space 14336K, 0% used [0x918c0000,0x918c0000,0x926c0000)
  from space 3328K, 96% used [0x92700000,0x92a1f040,0x92a40000)
  to   space 8960K, 0% used [0x92f80000,0x92f80000,0x93840000)
 ParOldGen       total 44032K, used 22767K [0x66e00000, 0x69900000, 0x918c0000)
  object space 44032K, 51% used [0x66e00000,0x6843bca8,0x69900000)
 Metaspace       used 26224K, capacity 26508K, committed 26624K, reserved 26928K
}
Event: 111.223 GC heap before
{Heap before GC invocations=16 (full 2):
 PSYoungGen      total 17664K, used 17532K [0x918c0000, 0x93840000, 0xa6e00000)
  eden space 14336K, 100% used [0x918c0000,0x926c0000,0x926c0000)
  from space 3328K, 96% used [0x92700000,0x92a1f040,0x92a40000)
  to   space 8960K, 0% used [0x92f80000,0x92f80000,0x93840000)
 ParOldGen       total 44032K, used 26653K [0x66e00000, 0x69900000, 0x918c0000)
  object space 44032K, 60% used [0x66e00000,0x68807638,0x69900000)
 Metaspace       used 26254K, capacity 26542K, committed 26624K, reserved 26928K
Event: 111.225 GC heap after
Heap after GC invocations=16 (full 2):
 PSYoungGen      total 22784K, used 432K [0x918c0000, 0x93900000, 0xa6e00000)
  eden space 13824K, 0% used [0x918c0000,0x918c0000,0x92640000)
  from space 8960K, 4% used [0x92f80000,0x92fec1e0,0x93840000)
  to   space 9472K, 0% used [0x92640000,0x92640000,0x92f80000)
 ParOldGen       total 44032K, used 27679K [0x66e00000, 0x69900000, 0x918c0000)
  object space 44032K, 62% used [0x66e00000,0x68907c50,0x69900000)
 Metaspace       used 26254K, capacity 26542K, committed 26624K, reserved 26928K
}
Event: 121.923 GC heap before
{Heap before GC invocations=17 (full 2):
 PSYoungGen      total 22784K, used 14162K [0x918c0000, 0x93900000, 0xa6e00000)
  eden space 13824K, 99% used [0x918c0000,0x92628648,0x92640000)
  from space 8960K, 4% used [0x92f80000,0x92fec1e0,0x93840000)
  to   space 9472K, 0% used [0x92640000,0x92640000,0x92f80000)
 ParOldGen       total 44032K, used 27679K [0x66e00000, 0x69900000, 0x918c0000)
  object space 44032K, 62% used [0x66e00000,0x68907c50,0x69900000)
 Metaspace       used 26279K, capacity 26574K, committed 26752K, reserved 26928K
Event: 121.924 GC heap after
Heap after GC invocations=17 (full 2):
 PSYoungGen      total 23040K, used 825K [0x918c0000, 0x93900000, 0xa6e00000)
  eden space 13568K, 0% used [0x918c0000,0x918c0000,0x92600000)
  from space 9472K, 8% used [0x92640000,0x9270e6a0,0x92f80000)
  to   space 9728K, 0% used [0x92f80000,0x92f80000,0x93900000)
 ParOldGen       total 44032K, used 27767K [0x66e00000, 0x69900000, 0x918c0000)
  object space 44032K, 63% used [0x66e00000,0x6891dc70,0x69900000)
 Metaspace       used 26279K, capacity 26574K, committed 26752K, reserved 26928K
}
Event: 400.657 GC heap before
{Heap before GC invocations=18 (full 2):
 PSYoungGen      total 23040K, used 14377K [0x918c0000, 0x93900000, 0xa6e00000)
  eden space 13568K, 99% used [0x918c0000,0x925fbea0,0x92600000)
  from space 9472K, 8% used [0x92640000,0x9270e6a0,0x92f80000)
  to   space 9728K, 0% used [0x92f80000,0x92f80000,0x93900000)
 ParOldGen       total 44032K, used 27767K [0x66e00000, 0x69900000, 0x918c0000)
  object space 44032K, 63% used [0x66e00000,0x6891dc70,0x69900000)
 Metaspace       used 26302K, capacity 26574K, committed 26752K, reserved 26928K
Event: 400.659 GC heap after
Heap after GC invocations=18 (full 2):
 PSYoungGen      total 22784K, used 288K [0x918c0000, 0x938c0000, 0xa6e00000)
  eden space 13312K, 0% used [0x918c0000,0x918c0000,0x925c0000)
  from space 9472K, 3% used [0x92f80000,0x92fc8090,0x938c0000)
  to   space 9728K, 0% used [0x925c0000,0x925c0000,0x92f40000)
 ParOldGen       total 44032K, used 28316K [0x66e00000, 0x69900000, 0x918c0000)
  object space 44032K, 64% used [0x66e00000,0x689a7280,0x69900000)
 Metaspace       used 26302K, capacity 26574K, committed 26752K, reserved 26928K
}
Event: 444.679 GC heap before
{Heap before GC invocations=19 (full 2):
 PSYoungGen      total 22784K, used 13600K [0x918c0000, 0x938c0000, 0xa6e00000)
  eden space 13312K, 100% used [0x918c0000,0x925c0000,0x925c0000)
  from space 9472K, 3% used [0x92f80000,0x92fc8090,0x938c0000)
  to   space 9728K, 0% used [0x925c0000,0x925c0000,0x92f40000)
 ParOldGen       total 44032K, used 28316K [0x66e00000, 0x69900000, 0x918c0000)
  object space 44032K, 64% used [0x66e00000,0x689a7280,0x69900000)
 Metaspace       used 26309K, capacity 26574K, committed 26752K, reserved 26928K
Event: 444.681 GC heap after
Heap after GC invocations=19 (full 2):
 PSYoungGen      total 13312K, used 224K [0x918c0000, 0x93880000, 0xa6e00000)
  eden space 13056K, 0% used [0x918c0000,0x918c0000,0x92580000)
  from space 256K, 87% used [0x925c0000,0x925f8080,0x92600000)
  to   space 9728K, 0% used [0x92f00000,0x92f00000,0x93880000)
 ParOldGen       total 44032K, used 28316K [0x66e00000, 0x69900000, 0x918c0000)
  object space 44032K, 64% used [0x66e00000,0x689a7280,0x69900000)
 Metaspace       used 26309K, capacity 26574K, committed 26752K, reserved 26928K
}

